<?xml version="1.0" encoding="UTF-8"?>
<testng-results ignored="0" total="2" passed="2" failed="0" skipped="0">
  <reporter-output>
  </reporter-output>
  <suite started-at="2024-07-17T07:40:07Z" name="OHRM" finished-at="2024-07-17T07:41:43Z" duration-ms="96166">
    <groups>
    </groups>
    <test started-at="2024-07-17T07:40:07Z" name="demo test" finished-at="2024-07-17T07:41:43Z" duration-ms="96166">
      <class name="com.OHRM.TestCases.TC001_Login">
        <test-method is-config="true" signature="setup(java.lang.String)[pri:0, instance:com.OHRM.TestCases.TC001_Login@134593bf]" started-at="2024-07-17T07:40:07Z" name="setup" finished-at="2024-07-17T07:40:51Z" duration-ms="43984" status="PASS">
          <params>
            <param index="0">
              <value>
                <![CDATA[chrome]]>
              </value>
            </param>
          </params>
          <reporter-output>
          </reporter-output>
        </test-method> <!-- setup -->
        <test-method signature="loginTest()[pri:0, instance:com.OHRM.TestCases.TC001_Login@134593bf]" started-at="2024-07-17T07:40:51Z" name="loginTest" finished-at="2024-07-17T07:41:12Z" duration-ms="20911" status="PASS">
          <reporter-output>
          </reporter-output>
        </test-method> <!-- loginTest -->
        <test-method signature="pimTest()[pri:0, instance:com.OHRM.TestCases.TC001_Login@134593bf]" started-at="2024-07-17T07:41:12Z" name="pimTest" finished-at="2024-07-17T07:41:43Z" duration-ms="30857" status="PASS">
          <reporter-output>
          </reporter-output>
        </test-method> <!-- pimTest -->
      </class> <!-- com.OHRM.TestCases.TC001_Login -->
    </test> <!-- demo test -->
  </suite> <!-- OHRM -->
</testng-results>
